app/build/outputs/logs/manifest-merger-release-report.txt
-- Merging decision tree log ---
manifest
ADDED from src/main/AndroidManifest.xml:2:1-81:12
INJECTED from src/main/AndroidManifest.xml:2:1-81:12
INJECTED from src/main/AndroidManifest.xml:2:1-81:12
INJECTED from src/main/AndroidManifest.xml:2:1-81:12
MERGED from [com.android.support.constraint:constraint-layout:1.1.2] AndroidManifest.xml:2:1-11:12
MERGED from [com.android.support:design:26.1.0] AndroidManifest.xml:17:1-31:12
MERGED from [com.android.support:appcompat-v7:26.1.0] AndroidManifest.xml:17:1-31:12
MERGED from [com.firebase:firebase-jobdispatcher:0.5.2] AndroidManifest.xml:17:1-42:12
MERGED from [com.android.support:transition:26.1.0] AndroidManifest.xml:17:1-28:12
MERGED from [com.google.android.gms:play-services-auth:10.0.0] AndroidManifest.xml:16:1-26:12
MERGED from [com.google.firebase:firebase-storage:10.0.0] AndroidManifest.xml:2:1-4:12
MERGED from [com.google.firebase:firebase-database:10.0.0] AndroidManifest.xml:2:1-4:12
MERGED from [com.google.firebase:firebase-auth:10.0.0] AndroidManifest.xml:16:1-21:12
MERGED from [com.google.firebase:firebase-config:10.0.0] AndroidManifest.xml:16:1-19:12
MERGED from [com.google.android.gms:play-services-appinvite:10.0.0] AndroidManifest.xml:16:1-27:12
MERGED from [com.google.firebase:firebase-messaging:10.0.0] AndroidManifest.xml:16:1-30:12
MERGED from [com.google.android.gms:play-services-ads:10.0.0] AndroidManifest.xml:16:1-18:12
MERGED from [com.google.firebase:firebase-appindexing:10.0.0] AndroidManifest.xml:16:1-19:12
MERGED from [com.google.firebase:firebase-crash:10.0.0] AndroidManifest.xml:16:1-25:12
MERGED from [com.google.firebase:firebase-core:10.0.0] AndroidManifest.xml:2:1-6:12
MERGED from [com.google.firebase:firebase-analytics:10.0.0] AndroidManifest.xml:16:1-34:12
MERGED from [com.google.android.gms:play-services-auth-base:10.0.0] AndroidManifest.xml:2:1-5:12
MERGED from [com.google.android.gms:play-services-clearcut:10.0.0] AndroidManifest.xml:16:1-19:12
MERGED from [com.google.android.gms:play-services-base:10.0.0] AndroidManifest.xml:16:1-21:12
MERGED from [com.google.firebase:firebase-database-connection:10.0.0] AndroidManifest.xml:2:1-4:12
MERGED from [com.google.firebase:firebase-analytics-impl:10.0.0] AndroidManifest.xml:16:1-29:12
MERGED from [com.google.firebase:firebase-iid:10.0.0] AndroidManifest.xml:16:1-51:12
MERGED from [com.google.firebase:firebase-common:10.0.0] AndroidManifest.xml:2:1-8:12
MERGED from [com.google.android.gms:play-services-tasks:10.0.0] AndroidManifest.xml:2:1-5:12
MERGED from [com.google.firebase:firebase-storage-common:10.0.0] AndroidManifest.xml:2:1-4:12
MERGED from [com.google.android.gms:play-services-ads-lite:10.0.0] AndroidManifest.xml:16:1-28:12
MERGED from [com.google.android.gms:play-services-gass:10.0.0] AndroidManifest.xml:2:1-5:12
MERGED from [com.google.android.gms:play-services-basement:10.0.0] AndroidManifest.xml:16:1-23:12
MERGED from [com.android.support:support-v4:26.1.0] AndroidManifest.xml:17:1-31:12
MERGED from [com.android.support:cardview-v7:26.1.0] AndroidManifest.xml:17:1-28:12
MERGED from [com.android.support:recyclerview-v7:26.1.0] AndroidManifest.xml:17:1-28:12
MERGED from [com.balysv:material-ripple:1.0.2] AndroidManifest.xml:2:1-14:12
MERGED from [com.microsoft.projectoxford:speechrecognition:1.2.2] AndroidManifest.xml:2:1-19:12
MERGED from [pl.droidsonroids.gif:android-gif-drawable:1.2.11] AndroidManifest.xml:2:1-11:12
MERGED from [de.hdodenhof:circleimageview:2.1.0] AndroidManifest.xml:2:1-11:12
MERGED from [com.android.support:multidex:1.0.2] AndroidManifest.xml:17:1-22:12
MERGED from [com.android.support:support-media-compat:26.1.0] AndroidManifest.xml:17:1-31:12
MERGED from [com.android.support:support-fragment:26.1.0] AndroidManifest.xml:17:1-31:12
MERGED from [com.android.support:support-core-utils:26.1.0] AndroidManifest.xml:17:1-31:12
MERGED from [com.android.support:animated-vector-drawable:26.1.0] AndroidManifest.xml:17:1-28:12
MERGED from [com.android.support:support-core-ui:26.1.0] AndroidManifest.xml:17:1-31:12
MERGED from [com.android.support:support-vector-drawable:26.1.0] AndroidManifest.xml:17:1-28:12
MERGED from [com.android.support:support-compat:26.1.0] AndroidManifest.xml:17:1-31:12
MERGED from [android.arch.lifecycle:runtime:1.0.0] AndroidManifest.xml:17:1-30:12
INJECTED from src/main/AndroidManifest.xml:2:1-81:12
INJECTED from src/main/AndroidManifest.xml:2:1-81:12
INJECTED from src/main/AndroidManifest.xml:2:1-81:12
	package
		ADDED from src/main/AndroidManifest.xml:3:5-35
		INJECTED from src/main/AndroidManifest.xml
		INJECTED from src/main/AndroidManifest.xml
	android:versionName
		INJECTED from src/main/AndroidManifest.xml
		ADDED from src/main/AndroidManifest.xml:2:1-81:12
		INJECTED from src/main/AndroidManifest.xml
	android:versionCode
		INJECTED from src/main/AndroidManifest.xml
		ADDED from src/main/AndroidManifest.xml:2:1-81:12
		INJECTED from src/main/AndroidManifest.xml
	xmlns:android
		ADDED from src/main/AndroidManifest.xml:2:11-69
uses-permission#android.permission.ACCESS_NETWORK_STATE
ADDED from src/main/AndroidManifest.xml:5:5-79
MERGED from [com.google.firebase:firebase-analytics:10.0.0] AndroidManifest.xml:21:5-78
MERGED from [com.google.firebase:firebase-analytics:10.0.0] AndroidManifest.xml:21:5-78
MERGED from [com.google.firebase:firebase-analytics-impl:10.0.0] AndroidManifest.xml:21:5-78
MERGED from [com.google.firebase:firebase-analytics-impl:10.0.0] AndroidManifest.xml:21:5-78
MERGED from [com.google.firebase:firebase-iid:10.0.0] AndroidManifest.xml:19:5-78
MERGED from [com.google.firebase:firebase-iid:10.0.0] AndroidManifest.xml:19:5-78
MERGED from [com.google.android.gms:play-services-ads-lite:10.0.0] AndroidManifest.xml:20:5-78
MERGED from [com.google.android.gms:play-services-ads-lite:10.0.0] AndroidManifest.xml:20:5-78
MERGED from [com.microsoft.projectoxford:speechrecognition:1.2.2] AndroidManifest.xml:15:5-79
MERGED from [com.microsoft.projectoxford:speechrecognition:1.2.2] AndroidManifest.xml:15:5-79
	android:name
		ADDED from src/main/AndroidManifest.xml:5:22-76
uses-permission#android.permission.INTERNET
ADDED from src/main/AndroidManifest.xml:6:5-67
MERGED from [com.google.android.gms:play-services-appinvite:10.0.0] AndroidManifest.xml:18:5-66
MERGED from [com.google.android.gms:play-services-appinvite:10.0.0] AndroidManifest.xml:18:5-66
MERGED from [com.google.firebase:firebase-crash:10.0.0] AndroidManifest.xml:18:5-66
MERGED from [com.google.firebase:firebase-crash:10.0.0] AndroidManifest.xml:18:5-66
MERGED from [com.google.firebase:firebase-analytics:10.0.0] AndroidManifest.xml:20:5-66
MERGED from [com.google.firebase:firebase-analytics:10.0.0] AndroidManifest.xml:20:5-66
MERGED from [com.google.firebase:firebase-analytics-impl:10.0.0] AndroidManifest.xml:20:5-66
MERGED from [com.google.firebase:firebase-analytics-impl:10.0.0] AndroidManifest.xml:20:5-66
MERGED from [com.google.firebase:firebase-iid:10.0.0] AndroidManifest.xml:20:5-66
MERGED from [com.google.firebase:firebase-iid:10.0.0] AndroidManifest.xml:20:5-66
MERGED from [com.google.android.gms:play-services-ads-lite:10.0.0] AndroidManifest.xml:19:5-66
MERGED from [com.google.android.gms:play-services-ads-lite:10.0.0] AndroidManifest.xml:19:5-66
MERGED from [com.microsoft.projectoxford:speechrecognition:1.2.2] AndroidManifest.xml:11:5-67
MERGED from [com.microsoft.projectoxford:speechrecognition:1.2.2] AndroidManifest.xml:11:5-67
	android:name
		ADDED from src/main/AndroidManifest.xml:6:22-64
uses-permission#android.permission.READ_EXTERNAL_STORAGE
ADDED from src/main/AndroidManifest.xml:7:5-80
	android:name
		ADDED from src/main/AndroidManifest.xml:7:22-77
uses-permission#android.permission.RECORD_AUDIO
ADDED from src/main/AndroidManifest.xml:8:5-71
MERGED from [com.microsoft.projectoxford:speechrecognition:1.2.2] AndroidManifest.xml:12:5-71
MERGED from [com.microsoft.projectoxford:speechrecognition:1.2.2] AndroidManifest.xml:12:5-71
	android:name
		ADDED from src/main/AndroidManifest.xml:8:22-68
uses-permission#android.permission.WRITE_EXTERNAL_STORAGE
ADDED from src/main/AndroidManifest.xml:9:5-81
MERGED from [com.microsoft.projectoxford:speechrecognition:1.2.2] AndroidManifest.xml:16:5-81
MERGED from [com.microsoft.projectoxford:speechrecognition:1.2.2] AndroidManifest.xml:16:5-81
	android:name
		ADDED from src/main/AndroidManifest.xml:9:22-78
application
ADDED from src/main/AndroidManifest.xml:13:5-79:19
MERGED from [com.android.support.constraint:constraint-layout:1.1.2] AndroidManifest.xml:9:5-20
MERGED from [com.android.support.constraint:constraint-layout:1.1.2] AndroidManifest.xml:9:5-20
MERGED from [com.android.support:design:26.1.0] AndroidManifest.xml:25:5-29:19
MERGED from [com.android.support:design:26.1.0] AndroidManifest.xml:25:5-29:19
MERGED from [com.android.support:appcompat-v7:26.1.0] AndroidManifest.xml:25:5-29:19
MERGED from [com.android.support:appcompat-v7:26.1.0] AndroidManifest.xml:25:5-29:19
MERGED from [com.firebase:firebase-jobdispatcher:0.5.2] AndroidManifest.xml:26:5-40:19
MERGED from [com.firebase:firebase-jobdispatcher:0.5.2] AndroidManifest.xml:26:5-40:19
MERGED from [com.android.support:transition:26.1.0] AndroidManifest.xml:22:5-26:19
MERGED from [com.android.support:transition:26.1.0] AndroidManifest.xml:22:5-26:19
MERGED from [com.google.android.gms:play-services-auth:10.0.0] AndroidManifest.xml:19:5-25:19
MERGED from [com.google.android.gms:play-services-auth:10.0.0] AndroidManifest.xml:19:5-25:19
MERGED from [com.google.firebase:firebase-auth:10.0.0] AndroidManifest.xml:19:5-20:19
MERGED from [com.google.firebase:firebase-auth:10.0.0] AndroidManifest.xml:19:5-20:19
MERGED from [com.google.firebase:firebase-config:10.0.0] AndroidManifest.xml:18:5-19
MERGED from [com.google.firebase:firebase-config:10.0.0] AndroidManifest.xml:18:5-19
MERGED from [com.google.android.gms:play-services-appinvite:10.0.0] AndroidManifest.xml:19:5-26:19
MERGED from [com.google.android.gms:play-services-appinvite:10.0.0] AndroidManifest.xml:19:5-26:19
MERGED from [com.google.firebase:firebase-messaging:10.0.0] AndroidManifest.xml:19:5-29:19
MERGED from [com.google.firebase:firebase-messaging:10.0.0] AndroidManifest.xml:19:5-29:19
MERGED from [com.google.firebase:firebase-appindexing:10.0.0] AndroidManifest.xml:18:5-19
MERGED from [com.google.firebase:firebase-appindexing:10.0.0] AndroidManifest.xml:18:5-19
MERGED from [com.google.firebase:firebase-crash:10.0.0] AndroidManifest.xml:22:5-23:19
MERGED from [com.google.firebase:firebase-crash:10.0.0] AndroidManifest.xml:22:5-23:19
MERGED from [com.google.firebase:firebase-core:10.0.0] AndroidManifest.xml:5:5-20
MERGED from [com.google.firebase:firebase-core:10.0.0] AndroidManifest.xml:5:5-20
MERGED from [com.google.firebase:firebase-analytics:10.0.0] AndroidManifest.xml:24:5-33:19
MERGED from [com.google.firebase:firebase-analytics:10.0.0] AndroidManifest.xml:24:5-33:19
MERGED from [com.google.android.gms:play-services-clearcut:10.0.0] AndroidManifest.xml:18:5-19
MERGED from [com.google.android.gms:play-services-clearcut:10.0.0] AndroidManifest.xml:18:5-19
MERGED from [com.google.android.gms:play-services-base:10.0.0] AndroidManifest.xml:18:5-20:19
MERGED from [com.google.android.gms:play-services-base:10.0.0] AndroidManifest.xml:18:5-20:19
MERGED from [com.google.firebase:firebase-analytics-impl:10.0.0] AndroidManifest.xml:24:5-28:19
MERGED from [com.google.firebase:firebase-analytics-impl:10.0.0] AndroidManifest.xml:24:5-28:19
MERGED from [com.google.firebase:firebase-iid:10.0.0] AndroidManifest.xml:28:5-50:19
MERGED from [com.google.firebase:firebase-iid:10.0.0] AndroidManifest.xml:28:5-50:19
MERGED from [com.google.firebase:firebase-common:10.0.0] AndroidManifest.xml:4:5-7:19
MERGED from [com.google.firebase:firebase-common:10.0.0] AndroidManifest.xml:4:5-7:19
MERGED from [com.google.android.gms:play-services-tasks:10.0.0] AndroidManifest.xml:4:5-19
MERGED from [com.google.android.gms:play-services-tasks:10.0.0] AndroidManifest.xml:4:5-19
MERGED from [com.google.android.gms:play-services-ads-lite:10.0.0] AndroidManifest.xml:23:5-27:19
MERGED from [com.google.android.gms:play-services-ads-lite:10.0.0] AndroidManifest.xml:23:5-27:19
MERGED from [com.google.android.gms:play-services-gass:10.0.0] AndroidManifest.xml:4:5-19
MERGED from [com.google.android.gms:play-services-gass:10.0.0] AndroidManifest.xml:4:5-19
MERGED from [com.google.android.gms:play-services-basement:10.0.0] AndroidManifest.xml:19:5-21:19
MERGED from [com.google.android.gms:play-services-basement:10.0.0] AndroidManifest.xml:19:5-21:19
MERGED from [com.android.support:support-v4:26.1.0] AndroidManifest.xml:25:5-29:19
MERGED from [com.android.support:support-v4:26.1.0] AndroidManifest.xml:25:5-29:19
MERGED from [com.android.support:cardview-v7:26.1.0] AndroidManifest.xml:22:5-26:19
MERGED from [com.android.support:cardview-v7:26.1.0] AndroidManifest.xml:22:5-26:19
MERGED from [com.android.support:recyclerview-v7:26.1.0] AndroidManifest.xml:22:5-26:19
MERGED from [com.android.support:recyclerview-v7:26.1.0] AndroidManifest.xml:22:5-26:19
MERGED from [com.balysv:material-ripple:1.0.2] AndroidManifest.xml:12:5-20
MERGED from [com.balysv:material-ripple:1.0.2] AndroidManifest.xml:12:5-20
MERGED from [de.hdodenhof:circleimageview:2.1.0] AndroidManifest.xml:9:5-20
MERGED from [de.hdodenhof:circleimageview:2.1.0] AndroidManifest.xml:9:5-20
MERGED from [com.android.support:support-media-compat:26.1.0] AndroidManifest.xml:25:5-29:19
MERGED from [com.android.support:support-media-compat:26.1.0] AndroidManifest.xml:25:5-29:19
MERGED from [com.android.support:support-fragment:26.1.0] AndroidManifest.xml:25:5-29:19
MERGED from [com.android.support:support-fragment:26.1.0] AndroidManifest.xml:25:5-29:19
MERGED from [com.android.support:support-core-utils:26.1.0] AndroidManifest.xml:25:5-29:19
MERGED from [com.android.support:support-core-utils:26.1.0] AndroidManifest.xml:25:5-29:19
MERGED from [com.android.support:animated-vector-drawable:26.1.0] AndroidManifest.xml:22:5-26:19
MERGED from [com.android.support:animated-vector-drawable:26.1.0] AndroidManifest.xml:22:5-26:19
MERGED from [com.android.support:support-core-ui:26.1.0] AndroidManifest.xml:25:5-29:19
MERGED from [com.android.support:support-core-ui:26.1.0] AndroidManifest.xml:25:5-29:19
MERGED from [com.android.support:support-vector-drawable:26.1.0] AndroidManifest.xml:22:5-26:19
MERGED from [com.android.support:support-vector-drawable:26.1.0] AndroidManifest.xml:22:5-26:19
MERGED from [com.android.support:support-compat:26.1.0] AndroidManifest.xml:25:5-29:19
MERGED from [com.android.support:support-compat:26.1.0] AndroidManifest.xml:25:5-29:19
MERGED from [android.arch.lifecycle:runtime:1.0.0] AndroidManifest.xml:24:5-28:19
MERGED from [android.arch.lifecycle:runtime:1.0.0] AndroidManifest.xml:24:5-28:19
	android:supportsRtl
		ADDED from src/main/AndroidManifest.xml:17:9-35
	android:label
		ADDED from src/main/AndroidManifest.xml:16:9-41
	android:icon
		ADDED from src/main/AndroidManifest.xml:15:9-43
	android:allowBackup
		ADDED from src/main/AndroidManifest.xml:14:9-35
	android:theme
		ADDED from src/main/AndroidManifest.xml:18:9-40
activity#com.app.sample.fchat.ActivitySplash
ADDED from src/main/AndroidManifest.xml:19:9-25:20
	android:name
		ADDED from src/main/AndroidManifest.xml:19:19-49
intent-filter#action:name:android.intent.action.MAIN+category:name:android.intent.category.LAUNCHER
ADDED from src/main/AndroidManifest.xml:20:13-24:29
action#android.intent.action.MAIN
ADDED from src/main/AndroidManifest.xml:21:17-69
	android:name
		ADDED from src/main/AndroidManifest.xml:21:25-66
category#android.intent.category.LAUNCHER
ADDED from src/main/AndroidManifest.xml:23:17-77
	android:name
		ADDED from src/main/AndroidManifest.xml:23:27-74
service#com.app.sample.fchat.MyFirebaseMessagingService
ADDED from src/main/AndroidManifest.xml:34:9-40:19
	android:exported
		ADDED from src/main/AndroidManifest.xml:36:13-37
	android:name
		ADDED from src/main/AndroidManifest.xml:35:13-55
intent-filter#action:name:com.google.firebase.MESSAGING_EVENT
ADDED from src/main/AndroidManifest.xml:37:13-39:29
action#com.google.firebase.MESSAGING_EVENT
ADDED from src/main/AndroidManifest.xml:38:17-78
	android:name
		ADDED from src/main/AndroidManifest.xml:38:25-75
service#com.app.sample.fchat.MyFirebaseInstanceIdService
ADDED from src/main/AndroidManifest.xml:41:9-47:19
	android:exported
		ADDED from src/main/AndroidManifest.xml:43:13-37
	android:name
		ADDED from src/main/AndroidManifest.xml:42:13-56
intent-filter#action:name:com.google.firebase.INSTANCE_ID_EVENT
ADDED from src/main/AndroidManifest.xml:44:13-46:29
action#com.google.firebase.INSTANCE_ID_EVENT
ADDED from src/main/AndroidManifest.xml:45:17-80
	android:name
		ADDED from src/main/AndroidManifest.xml:45:25-77
activity#com.app.sample.fchat.ActivityMain
ADDED from src/main/AndroidManifest.xml:49:9-61:20
	android:name
		ADDED from src/main/AndroidManifest.xml:49:19-47
intent-filter#action:name:android.intent.action.VIEW+category:name:android.intent.category.BROWSABLE+category:name:android.intent.category.DEFAULT+data:host:fchat.firebase.google.com+data:pathPrefix:/message+data:scheme:http
ADDED from src/main/AndroidManifest.xml:50:13-60:29
action#android.intent.action.VIEW
ADDED from src/main/AndroidManifest.xml:51:17-69
	android:name
		ADDED from src/main/AndroidManifest.xml:51:25-66
category#android.intent.category.DEFAULT
ADDED from src/main/AndroidManifest.xml:53:17-76
	android:name
		ADDED from src/main/AndroidManifest.xml:53:27-73
category#android.intent.category.BROWSABLE
ADDED from src/main/AndroidManifest.xml:54:17-78
	android:name
		ADDED from src/main/AndroidManifest.xml:54:27-75
data
ADDED from src/main/AndroidManifest.xml:56:17-59:45
	android:host
		ADDED from src/main/AndroidManifest.xml:57:21-61
	android:scheme
		ADDED from src/main/AndroidManifest.xml:59:21-42
	android:pathPrefix
		ADDED from src/main/AndroidManifest.xml:58:21-50
activity#com.app.sample.fchat.ActivityChatDetails
ADDED from src/main/AndroidManifest.xml:62:9-68:20
	android:label
		ADDED from src/main/AndroidManifest.xml:64:13-33
	android:name
		ADDED from src/main/AndroidManifest.xml:63:13-48
meta-data#android.support.PARENT_ACTIVITY
ADDED from src/main/AndroidManifest.xml:65:13-67:57
	android:value
		ADDED from src/main/AndroidManifest.xml:67:17-54
	android:name
		ADDED from src/main/AndroidManifest.xml:66:17-63
activity#com.app.sample.fchat.ActivitySelectFriend
ADDED from src/main/AndroidManifest.xml:69:9-71:48
	android:label
		ADDED from src/main/AndroidManifest.xml:71:13-36
	android:name
		ADDED from src/main/AndroidManifest.xml:70:13-49
activity#com.app.sample.fchat.SignupActivity
ADDED from src/main/AndroidManifest.xml:72:9-52
	android:name
		ADDED from src/main/AndroidManifest.xml:72:19-49
activity#com.app.sample.fchat.SliderActivity
ADDED from src/main/AndroidManifest.xml:78:9-61
	android:name
		ADDED from src/main/AndroidManifest.xml:78:19-49
uses-sdk
INJECTED from src/main/AndroidManifest.xml reason: use-sdk injection requested
INJECTED from src/main/AndroidManifest.xml
INJECTED from src/main/AndroidManifest.xml
MERGED from [com.android.support.constraint:constraint-layout:1.1.2] AndroidManifest.xml:5:5-7:41
MERGED from [com.android.support.constraint:constraint-layout:1.1.2] AndroidManifest.xml:5:5-7:41
MERGED from [com.android.support:design:26.1.0] AndroidManifest.xml:21:5-23:62
MERGED from [com.android.support:design:26.1.0] AndroidManifest.xml:21:5-23:62
MERGED from [com.android.support:appcompat-v7:26.1.0] AndroidManifest.xml:21:5-23:78
MERGED from [com.android.support:appcompat-v7:26.1.0] AndroidManifest.xml:21:5-23:78
MERGED from [com.firebase:firebase-jobdispatcher:0.5.2] AndroidManifest.xml:22:5-24:41
MERGED from [com.firebase:firebase-jobdispatcher:0.5.2] AndroidManifest.xml:22:5-24:41
MERGED from [com.android.support:transition:26.1.0] AndroidManifest.xml:20:5-44
MERGED from [com.android.support:transition:26.1.0] AndroidManifest.xml:20:5-44
MERGED from [com.google.android.gms:play-services-auth:10.0.0] AndroidManifest.xml:17:5-42
MERGED from [com.google.android.gms:play-services-auth:10.0.0] AndroidManifest.xml:17:5-42
MERGED from [com.google.firebase:firebase-storage:10.0.0] AndroidManifest.xml:3:5-42
MERGED from [com.google.firebase:firebase-storage:10.0.0] AndroidManifest.xml:3:5-42
MERGED from [com.google.firebase:firebase-database:10.0.0] AndroidManifest.xml:3:5-42
MERGED from [com.google.firebase:firebase-database:10.0.0] AndroidManifest.xml:3:5-42
MERGED from [com.google.firebase:firebase-auth:10.0.0] AndroidManifest.xml:17:5-42
MERGED from [com.google.firebase:firebase-auth:10.0.0] AndroidManifest.xml:17:5-42
MERGED from [com.google.firebase:firebase-config:10.0.0] AndroidManifest.xml:17:5-42
MERGED from [com.google.firebase:firebase-config:10.0.0] AndroidManifest.xml:17:5-42
MERGED from [com.google.android.gms:play-services-appinvite:10.0.0] AndroidManifest.xml:17:5-42
MERGED from [com.google.android.gms:play-services-appinvite:10.0.0] AndroidManifest.xml:17:5-42
MERGED from [com.google.firebase:firebase-messaging:10.0.0] AndroidManifest.xml:17:5-42
MERGED from [com.google.firebase:firebase-messaging:10.0.0] AndroidManifest.xml:17:5-42
MERGED from [com.google.android.gms:play-services-ads:10.0.0] AndroidManifest.xml:17:5-42
MERGED from [com.google.android.gms:play-services-ads:10.0.0] AndroidManifest.xml:17:5-42
MERGED from [com.google.firebase:firebase-appindexing:10.0.0] AndroidManifest.xml:17:5-42
MERGED from [com.google.firebase:firebase-appindexing:10.0.0] AndroidManifest.xml:17:5-42
MERGED from [com.google.firebase:firebase-crash:10.0.0] AndroidManifest.xml:20:5-42
MERGED from [com.google.firebase:firebase-crash:10.0.0] AndroidManifest.xml:20:5-42
MERGED from [com.google.firebase:firebase-core:10.0.0] AndroidManifest.xml:4:5-42
MERGED from [com.google.firebase:firebase-core:10.0.0] AndroidManifest.xml:4:5-42
MERGED from [com.google.firebase:firebase-analytics:10.0.0] AndroidManifest.xml:17:5-42
MERGED from [com.google.firebase:firebase-analytics:10.0.0] AndroidManifest.xml:17:5-42
MERGED from [com.google.android.gms:play-services-auth-base:10.0.0] AndroidManifest.xml:4:5-42
MERGED from [com.google.android.gms:play-services-auth-base:10.0.0] AndroidManifest.xml:4:5-42
MERGED from [com.google.android.gms:play-services-clearcut:10.0.0] AndroidManifest.xml:17:5-42
MERGED from [com.google.android.gms:play-services-clearcut:10.0.0] AndroidManifest.xml:17:5-42
MERGED from [com.google.android.gms:play-services-base:10.0.0] AndroidManifest.xml:17:5-42
MERGED from [com.google.android.gms:play-services-base:10.0.0] AndroidManifest.xml:17:5-42
MERGED from [com.google.firebase:firebase-database-connection:10.0.0] AndroidManifest.xml:3:5-42
MERGED from [com.google.firebase:firebase-database-connection:10.0.0] AndroidManifest.xml:3:5-42
MERGED from [com.google.firebase:firebase-analytics-impl:10.0.0] AndroidManifest.xml:17:5-42
MERGED from [com.google.firebase:firebase-analytics-impl:10.0.0] AndroidManifest.xml:17:5-42
MERGED from [com.google.firebase:firebase-iid:10.0.0] AndroidManifest.xml:17:5-42
MERGED from [com.google.firebase:firebase-iid:10.0.0] AndroidManifest.xml:17:5-42
MERGED from [com.google.firebase:firebase-common:10.0.0] AndroidManifest.xml:3:5-42
MERGED from [com.google.firebase:firebase-common:10.0.0] AndroidManifest.xml:3:5-42
MERGED from [com.google.android.gms:play-services-tasks:10.0.0] AndroidManifest.xml:3:5-42
MERGED from [com.google.android.gms:play-services-tasks:10.0.0] AndroidManifest.xml:3:5-42
MERGED from [com.google.firebase:firebase-storage-common:10.0.0] AndroidManifest.xml:3:5-42
MERGED from [com.google.firebase:firebase-storage-common:10.0.0] AndroidManifest.xml:3:5-42
MERGED from [com.google.android.gms:play-services-ads-lite:10.0.0] AndroidManifest.xml:22:5-42
MERGED from [com.google.android.gms:play-services-ads-lite:10.0.0] AndroidManifest.xml:22:5-42
MERGED from [com.google.android.gms:play-services-gass:10.0.0] AndroidManifest.xml:3:5-42
MERGED from [com.google.android.gms:play-services-gass:10.0.0] AndroidManifest.xml:3:5-42
MERGED from [com.google.android.gms:play-services-basement:10.0.0] AndroidManifest.xml:17:5-42
MERGED from [com.google.android.gms:play-services-basement:10.0.0] AndroidManifest.xml:17:5-42
MERGED from [com.android.support:support-v4:26.1.0] AndroidManifest.xml:21:5-23:54
MERGED from [com.android.support:support-v4:26.1.0] AndroidManifest.xml:21:5-23:54
MERGED from [com.android.support:cardview-v7:26.1.0] AndroidManifest.xml:20:5-44
MERGED from [com.android.support:cardview-v7:26.1.0] AndroidManifest.xml:20:5-44
MERGED from [com.android.support:recyclerview-v7:26.1.0] AndroidManifest.xml:20:5-44
MERGED from [com.android.support:recyclerview-v7:26.1.0] AndroidManifest.xml:20:5-44
MERGED from [com.balysv:material-ripple:1.0.2] AndroidManifest.xml:8:5-10:41
MERGED from [com.balysv:material-ripple:1.0.2] AndroidManifest.xml:8:5-10:41
MERGED from [com.microsoft.projectoxford:speechrecognition:1.2.2] AndroidManifest.xml:7:5-9:41
MERGED from [com.microsoft.projectoxford:speechrecognition:1.2.2] AndroidManifest.xml:7:5-9:41
MERGED from [pl.droidsonroids.gif:android-gif-drawable:1.2.11] AndroidManifest.xml:7:5-9:41
MERGED from [pl.droidsonroids.gif:android-gif-drawable:1.2.11] AndroidManifest.xml:7:5-9:41
MERGED from [de.hdodenhof:circleimageview:2.1.0] AndroidManifest.xml:5:5-7:41
MERGED from [de.hdodenhof:circleimageview:2.1.0] AndroidManifest.xml:5:5-7:41
MERGED from [com.android.support:multidex:1.0.2] AndroidManifest.xml:20:5-43
MERGED from [com.android.support:multidex:1.0.2] AndroidManifest.xml:20:5-43
MERGED from [com.android.support:support-media-compat:26.1.0] AndroidManifest.xml:21:5-23:63
MERGED from [com.android.support:support-media-compat:26.1.0] AndroidManifest.xml:21:5-23:63
MERGED from [com.android.support:support-fragment:26.1.0] AndroidManifest.xml:21:5-23:60
MERGED from [com.android.support:support-fragment:26.1.0] AndroidManifest.xml:21:5-23:60
MERGED from [com.android.support:support-core-utils:26.1.0] AndroidManifest.xml:21:5-23:61
MERGED from [com.android.support:support-core-utils:26.1.0] AndroidManifest.xml:21:5-23:61
MERGED from [com.android.support:animated-vector-drawable:26.1.0] AndroidManifest.xml:20:5-44
MERGED from [com.android.support:animated-vector-drawable:26.1.0] AndroidManifest.xml:20:5-44
MERGED from [com.android.support:support-core-ui:26.1.0] AndroidManifest.xml:21:5-23:58
MERGED from [com.android.support:support-core-ui:26.1.0] AndroidManifest.xml:21:5-23:58
MERGED from [com.android.support:support-vector-drawable:26.1.0] AndroidManifest.xml:20:5-44
MERGED from [com.android.support:support-vector-drawable:26.1.0] AndroidManifest.xml:20:5-44
MERGED from [com.android.support:support-compat:26.1.0] AndroidManifest.xml:21:5-23:58
MERGED from [com.android.support:support-compat:26.1.0] AndroidManifest.xml:21:5-23:58
MERGED from [android.arch.lifecycle:runtime:1.0.0] AndroidManifest.xml:20:5-22:41
MERGED from [android.arch.lifecycle:runtime:1.0.0] AndroidManifest.xml:20:5-22:41
INJECTED from src/main/AndroidManifest.xml
INJECTED from src/main/AndroidManifest.xml
	tools:overrideLibrary
		ADDED from [com.android.support:design:26.1.0] AndroidManifest.xml:23:9-59
	android:targetSdkVersion
		INJECTED from src/main/AndroidManifest.xml
		ADDED from src/main/AndroidManifest.xml
		INJECTED from src/main/AndroidManifest.xml
	android:minSdkVersion
		INJECTED from src/main/AndroidManifest.xml
		ADDED from src/main/AndroidManifest.xml
		INJECTED from src/main/AndroidManifest.xml
meta-data#android.support.VERSION
ADDED from [com.android.support:design:26.1.0] AndroidManifest.xml:26:9-28:38
MERGED from [com.android.support:appcompat-v7:26.1.0] AndroidManifest.xml:26:9-28:38
MERGED from [com.android.support:appcompat-v7:26.1.0] AndroidManifest.xml:26:9-28:38
MERGED from [com.android.support:transition:26.1.0] AndroidManifest.xml:23:9-25:38
MERGED from [com.android.support:transition:26.1.0] AndroidManifest.xml:23:9-25:38
MERGED from [com.android.support:support-v4:26.1.0] AndroidManifest.xml:26:9-28:38
MERGED from [com.android.support:support-v4:26.1.0] AndroidManifest.xml:26:9-28:38
MERGED from [com.android.support:cardview-v7:26.1.0] AndroidManifest.xml:23:9-25:38
MERGED from [com.android.support:cardview-v7:26.1.0] AndroidManifest.xml:23:9-25:38
MERGED from [com.android.support:recyclerview-v7:26.1.0] AndroidManifest.xml:23:9-25:38
MERGED from [com.android.support:recyclerview-v7:26.1.0] AndroidManifest.xml:23:9-25:38
MERGED from [com.android.support:support-media-compat:26.1.0] AndroidManifest.xml:26:9-28:38
MERGED from [com.android.support:support-media-compat:26.1.0] AndroidManifest.xml:26:9-28:38
MERGED from [com.android.support:support-fragment:26.1.0] AndroidManifest.xml:26:9-28:38
MERGED from [com.android.support:support-fragment:26.1.0] AndroidManifest.xml:26:9-28:38
MERGED from [com.android.support:support-core-utils:26.1.0] AndroidManifest.xml:26:9-28:38
MERGED from [com.android.support:support-core-utils:26.1.0] AndroidManifest.xml:26:9-28:38
MERGED from [com.android.support:animated-vector-drawable:26.1.0] AndroidManifest.xml:23:9-25:38
MERGED from [com.android.support:animated-vector-drawable:26.1.0] AndroidManifest.xml:23:9-25:38
MERGED from [com.android.support:support-core-ui:26.1.0] AndroidManifest.xml:26:9-28:38
MERGED from [com.android.support:support-core-ui:26.1.0] AndroidManifest.xml:26:9-28:38
MERGED from [com.android.support:support-vector-drawable:26.1.0] AndroidManifest.xml:23:9-25:38
MERGED from [com.android.support:support-vector-drawable:26.1.0] AndroidManifest.xml:23:9-25:38
MERGED from [com.android.support:support-compat:26.1.0] AndroidManifest.xml:26:9-28:38
MERGED from [com.android.support:support-compat:26.1.0] AndroidManifest.xml:26:9-28:38
	android:value
		ADDED from [com.android.support:design:26.1.0] AndroidManifest.xml:28:13-35
	android:name
		ADDED from [com.android.support:design:26.1.0] AndroidManifest.xml:27:13-51